<?xml version="1.0" encoding="UTF-8" ?>
<testsuite tests="5" failures="0" name="com.shoppingBackend.NewTest" time="25.158" errors="0" skipped="4">
  <properties>
[...]
</properties>
  <testcase classname="com.shoppingBackend.NewTest" name="testGetSingleUser" time="19.579">
    <skipped/>
    <system-out>driver manager data source
set driver class name
set url
set username
set password
local session
obj
prop put 1
prop 2
prop 3
prop 4
add prop
scan packages
</system-out>
    <system-err>Jul 16, 2018 11:00:11 AM org.springframework.context.support.AbstractApplicationContext prepareRefresh
INFO: Refreshing org.springframework.context.annotation.AnnotationConfigApplicationContext@b684286: startup date [Mon Jul 16 11:00:11 IST 2018]; root of context hierarchy
Jul 16, 2018 11:00:12 AM org.springframework.jdbc.datasource.DriverManagerDataSource setDriverClassName
INFO: Loaded JDBC driver: org.h2.Driver
Jul 16, 2018 11:00:13 AM org.hibernate.Version logVersion
INFO: HHH000412: Hibernate Core {5.3.1.Final}
Jul 16, 2018 11:00:13 AM org.hibernate.cfg.Environment &lt;clinit&gt;
INFO: HHH000206: hibernate.properties not found
Jul 16, 2018 11:00:14 AM org.hibernate.annotations.common.reflection.java.JavaReflectionManager &lt;clinit&gt;
INFO: HCANN000001: Hibernate Commons Annotations {5.0.3.Final}
Jul 16, 2018 11:00:17 AM org.hibernate.dialect.Dialect &lt;init&gt;
INFO: HHH000400: Using dialect: org.hibernate.dialect.H2Dialect
Jul 16, 2018 11:00:29 AM org.springframework.orm.hibernate5.HibernateTransactionManager afterPropertiesSet
INFO: Using DataSource [org.springframework.jdbc.datasource.DriverManagerDataSource@2df3b89c] of Hibernate SessionFactory for HibernateTransactionManager
</system-err>
  </testcase>
  <testcase classname="com.shoppingBackend.NewTest" name="testAddUser" time="1.394"/>
  <testcase classname="com.shoppingBackend.NewTest" name="testUpdateUser" time="1.395">
    <skipped/>
  </testcase>
  <testcase classname="com.shoppingBackend.NewTest" name="testGetAllUser" time="1.395">
    <skipped/>
  </testcase>
  <testcase classname="com.shoppingBackend.NewTest" name="testDeleteUser" time="1.395">
    <skipped/>
  </testcase>
</testsuite>